RUN con 1000 ts
0 [ 4 11  5 17  5 15  6  7 16 12]
1 [16 19  4 15 11 15  8  5 13  3]
2 [16 19  4 13 12 15  8  5 13  3]
3 [16 19  5 13 12 15  8  5 13  3]
4 [16 19  5 13 12 15  8  5 13  3]
5 [16 19  5 13 12 15  8  5 13  2]
6 [16 19  5 13 12 15  8  5 13  2]
7 [16 19  5 13 12  9  8  5 13  2]
8 [16 19  5 13 12  9  8  5 13  2]
9 [16 19  5 13 12  9  8  5 13  2]
10 [16 19  5 13 12  9  5  5 13  2]
11 [16 19  5 13 12  9  5  5 13  2]
12 [16 19  5 13 12  9  5  5 13  2]
13 [16 19  5 13 12  9  5  5 13  2]
14 [16 19  5 13 12  9  5  5 13  2]
15 [16 19  5 13 12  9  5  5 13  2]
16 [16 19  5 13 12  9  5  5 13  2]
17 [16 19  5 13 12  9  5  5 13  2]
18 [16 19  7 13 12  9  5  5 13  2]
19 [16 19  7 13 12  9  5  5 13  2]
20 [16 19  7 13 12  9  5  5 13  2]
21 [16 19  7 13 12  9  5  5 13  2]
22 [16 19  7 13 12  9  5  5 13  2]
23 [16 19  7 13 12  9  5  5 13  2]
24 [16 19  7 13 12  9  5  5 13  2]
25 [16 19  7 13 12  9  5  5 13  2]
26 [16 19  7 13 12  9  5  5 13  2]
27 [16 19  7 13 12  9  5  5 13  2]
28 [16 19  7 13 12  9  5  5 13  2]
29 [16 19  7 13 12  9  5  5 13  2]
30 [16 19  7 13 12  9  5  5 13  2]
31 [16 19  7 13 12  9  5  5 13  2]
32 [16 19  7 13 12  9  5  5 13  2]
33 [16 19  7 13 12  9  5  5 13  2]
34 [16 19  7 13 12  9  5  5 13  2]
35 [16 19  7 13 12  9  5  5 13  2]
36 [16 19  7 13 12  9  5  5 13  2]
37 [16 19  7 13 12  9  5  5 13  2]
38 [16 19  7 13 12  9  5  5 13  2]
39 [16 19  7 13 12  9  5  5 13  2]
40 [16 19  7 13 12  9  5  5 13  2]
41 [16 19  7 13 12  9  5  5 13  2]
42 [16 19  7 13 12  9  5  5 13  2]
43 [16 19  7 13 12  9  5  5 13  2]
44 [16 19  7 13 12  9  5  5 13  2]
45 [16 19  7 13 12  9  5  5 13  2]
46 [16 19  7 13 12  9  5  5 13  2]
47 [16 19  7 13 12  9  5  5 13  2]
48 [16 19  7 13 12  9  5  5 13  2]
49 [16 19  7 13 12  9  5  5 13  2]
50 [16 19  7 13 12  9  5  5 13  2]
51 [16 19  7 13 12  9  5  5 13  2]
52 [16 19  7 13 12  9  5  5 13  2]
53 [16 19  7 13 12  9  5  5 13  2]
54 [16 19  7 13 12  9  5  5 13  2]
55 [16 19  7 13 12  9  5  5 13  2]
56 [16 19  7 13 12  9  5  5 13  2]
57 [16 19  7 13 12  9  5  5 13  2]
58 [16 19  7 13 12  9  5  5 13  2]
59 [16 19  7 13 12  9  5  5 13  2]
60 [16 19  7 13 12  9  5  5 13  2]
61 [16 19  7 13 12  9  5  5 13  2]
62 [16 19  7 13 12  9  5  5 13  2]
63 [16 19  7 13 12  9  5  5 13  2]
64 [16 19  7 13 12  9  5  5 13  2]
65 [16 19  7 13 12  9  5  5 13  2]
66 [16 19  7 13 12  9  5  5 13  2]
67 [16 19  7 13 12  9  5  5 13  2]
68 [16 19  7 13 12  9  5  5 13  2]
69 [16 19  7 13 12  9  5  5 13  2]
70 [16 19  7 13 12  9  5  5 13  2]
71 [16 19  7 13 12  9  5  5 13  2]
72 [16 19  7 13 12  9  5  5 13  2]
73 [16 19  7 13 12  9  5  5 13  2]
74 [16 19  7 13 12  9  5  5 13  2]
75 [16 19  7 13 12  9  5  5 13  2]
76 [16 19  7 13 12  9  5  5 13  2]
77 [16 19  7 13 12  9  5  5 13  2]
78 [16 19  7 13 12  9  5  5 13  2]
79 [16 19  7 13 12  9  5  5 13  2]
80 [16 19  7 13 12  9  5  5 13  2]
81 [16 19  7 13 12  9  5  5 13  2]
82 [16 19  7 13 12  9  5  5 13  2]
83 [16 19  7 13 12  9  5  5 13  2]
84 [16 19  7 13 12  9  5  5 13  2]
85 [16 19  7 13 12  9  5  5 13  2]
86 [16 19  7 13 12  9  5  5 13  2]
87 [16 19  7 13 12  9  5  5 13  2]
88 [16 19  7 13 12  9  5  5 13  2]
89 [16 19  7 13 12  9  5  5 13  2]
90 [16 19  7 13 12  9  5  5 13  2]
91 [16 19  7 13 12  9  5  5 13  2]
92 [16 19  7 13 12  9  5  5 13  2]
93 [16 19  7 13 12  9  5  5 13  2]
94 [16 19  7 13 12  9  5  5 13  2]
95 [16 19  7 13 12  9  5  5 13  2]
96 [16 19  7 13 12  9  5  5 13  2]
97 [16 19  7 13 12  9  5  5 13  2]
98 [16 19  7 13 12  9  5  5 13  2]
99 [16 19  7 13 12  9  5  5 13  2]
100 [16 19  7 13 12  9  5  5 13  2]
101 [16 19  7 13 12  9  5  5 13  2]
102 [16 19  7 13 12  9  5  5 13  2]
103 [16 19  7 13 12  9  5  5 13  2]
104 [16 19  7 13 12  9  5  5 13  2]
105 [16 19  7 13 12  9  5  5 13  2]
106 [16 19  7 13 12  9  5  5 13  2]
107 [16 19  7 13 12  9  5  5 13  2]
108 [16 19  7 13 12  9  5  5 13  2]
109 [16 19  7 13 12  9  5  5 13  2]
110 [16 19  7 13 12  9  5  5 13  2]
111 [16 19  7 13 12  9  5  5 13  2]
112 [16 19  7 13 12  9  5  5 13  2]
113 [16 19  7 13 12  9  5  5 13  2]
114 [16 19  7 13 12  9  5  5 13  2]
115 [16 19  7 13 12  9  5  5 13  2]
116 [16 19  7 13 12  9  5  5 13  2]
117 [16 19  7 13 12  9  5  5 13  2]
118 [16 19  7 13 12  9  5  5 13  2]
119 [16 19  7 13 12  9  5  5 13  2]
120 [16 19  7 13 12  9  5  5 13  2]
121 [16 19  7 13 12  9  5  5 13  2]
122 [16 19  7 13 12  9  5  5 13  2]
123 [16 19  7 13 12  9  5  5 13  2]
124 [16 19  7 13 12  9  5  5 13  2]
125 [16 19  7 13 12  9  5  5 13  2]
126 [16 19  7 13 12  9  5  5 13  2]
127 [16 19  7 13 12  9  5  5 13  2]
128 [16 19  7 13 12  9  5  5 13  2]
129 [16 19  7 13 12  9  5  5 13  2]
130 [16 19  7 13 12  9  5  5 13  2]
131 [16 19  7 13 12  9  5  5 13  2]
132 [16 19  7 13 12  9  5  5 13  2]
133 [16 19  7 13 12  9  5  5 13  2]
134 [16 19  7 13 12  9  5  5 13  2]
135 [16 19  7 13 12  9  5  5 13  2]
slurmstepd: error: *** STEP 791743.0 ON eu-a2p-523 CANCELLED AT 2022-10-12T22:34:18 DUE TO TIME LIMIT ***
slurmstepd: error: *** JOB 791743 ON eu-a2p-523 CANCELLED AT 2022-10-12T22:34:18 DUE TO TIME LIMIT ***
srun: Job step aborted: Waiting up to 32 seconds for job step to finish.
