RUN con 1000 ts e alpha 0.99
0 [ 9 16 15 17 15 18  7  8 15  4]
1 [ 9  2 15 20  7 18  7  3  5 13]
2 [ 9  6 15  4  7  3  7 12  5 13]
3 [19  6 15  4  7  3 20  4  9 13]
4 [ 9 16 15  5  7 16 20  4  5  2]
5 [ 9  6 15  4 13 16 13  4  9  2]
6 [15 16 15 12 18 16 13  4  9  2]
7 [15 11 15 12 18 16 13  5  9  2]
8 [15 11 15 12  6  8 13  5  9  2]
9 [15 11 15 12  6  8 14  5 12  2]
10 [15 11 15 12 10  8 14  5 12  2]
11 [15 16 15 12 10  8 12  5 12  2]
12 [15 16 15 12 10  8 12  5 12  2]
13 [15 16 15 12 10  8 12  5 12  2]
14 [15 16 15 12 10  8 12 19 12  2]
15 [15 16 15 12 10  8 12 19 12  2]
16 [15 16 15 12 10  8 12 19 12  2]
17 [15 16 15 12 10  8 12 19 12  2]
18 [15 16 15 12 10  8 12 19 12  2]
19 [15 16 15 12 10  8 12 19 12  2]
20 [15 16 15 12 10  8 12 19 12  2]
21 [15 16 15 12 10  8 12 19 12  2]
22 [15 16 20 12 10  8 12 19 12  2]
23 [15 16 20  7 10  8 12 19 12  2]
24 [15 16 20  7 10  8 12 19 12  2]
25 [15 16 20  7 10  8 12 19  4  2]
26 [15 16 20  7  9  8 12 19  4  2]
27 [15 16 20  7  9  8 12 19  4  2]
28 [15 16 20  7  9  8 12 19  4  2]
29 [15 16 20  7  9  8  8 19  4  2]
30 [15 16 20  7  9  8  8 19  4  5]
31 [15 16 20  7  9  8  8 19  4  5]
32 [15 16 20  7  9  8  8 19  4  5]
33 [15 16 20  7  9  8  8 19  4  5]
34 [15 16 20  7  9  8  8 19  4  5]
35 [15 16 10  7  9  8  8 19  4  5]
37 [15 16 10  7  9 10  8 19  4  5]
38 [15 16 10  7  4 10  8 19  4  5]
39 [15 16 10  7  9 10  8 19  4  5]
40 [15 16 10  7  9 10  8 19  4  5]
41 [15 16 10  7  9 10  8 19  4  5]
42 [15 16 10  7  9 10  8 19  4  5]
43 [15 16 10  7  9 10  8 19  4  5]
44 [15 16 10  7  9 10  8 19  6  5]
45 [15 16 10  7  9 10  8 19  6  5]
46 [15 16 10  7  9 10  8 19  6  5]
47 [15 16 10  7  9 10  8 19  6  5]
48 [15 16 10  7  9 10  8 19  6  5]
49 [15 16 10  7  9 10  8 19  6  5]
50 [15 16 10  7  9 10  8 19  6  5]
51 [15 16 10  7  9 10  8 19  6  5]
52 [15 16 10  7  9 10  8 19  6  5]
53 [15 16 10  7  9 10  8 19  6  5]
54 [15 16 10  7  9 10  8 19  6  5]
55 [15 16 10  7  9 10  8 19  6  5]
56 [15 16 10  7  9 10  8 19  6  5]
57 [15 16 10  7  9 10  8 19  6  5]
58 [15 16 10  7  9 10  8 19  6  5]
59 [15 16 10  6  9 10  8 19  6  5]
60 [15 16 10  6  9 10  8  2  6  5]
61 [15 16 10  6  9 10  8  2  6  5]
62 [15 16 10  6  9 10  8  2  6  5]
63 [15 16 10  6  9 10  8  2  6  5]
64 [15 16 10  6  9 10  8  2  6  5]
65 [15 16 10  6  9 10  8  2  6  5]
66 [15 16 10  6  9 10  8  2  6  5]
67 [15 16 10  6  9 10  8  2  6  5]
68 [15 16 10  6  9 10  8  2  6  5]
69 [15 16 10  6  9 10  8  2  6  5]
70 [15 16 10  6  9 10  8  2  6  5]
71 [15 16 10  6  9 10  8  2  6  5]
72 [15 16 10  6  9 10  8  2  6  5]
73 [15 16 10  6  9 10  8  2  6  5]
74 [15 16 10  6  9 10  8  2  6  5]
75 [15 16 10  6  9 10  8  2  6  5]
76 [15 16 10  6  9 10  8  2  6  5]
77 [15 16 10  6  9 10  8  2  6  5]
78 [15 16 10  6  9 10  8  2  6  5]
79 [15 16 10  6  9 10  8  2  6  5]
80 [15 16 10  6  9 10  8  2  6  5]
81 [15 16 10  6  9 10  8  2  6  5]
82 [15 16 10  6  9 10  8  2  6  5]
83 [15 16 10  6  9 10  8  2  6  5]
84 [15 16 10  6  9 10  8  2  6  5]
85 [15 16 10  6  9 10  8  2  6  5]
86 [15 16 10  6  9 10  8  2  6  5]
87 [15 16 10  6  9 10  8  2  6  5]
88 [15 16 10  6  9 10  8  2  6  5]
89 [15 16 10  6  9 10  8  2  6  5]
90 [15 16 10  6  9 10  8  2  6  5]
91 [15 16 10  6  9 10  8  2  6  5]
92 [15 16 10  6  9 10  8  2  6  5]
93 [15 16 10  6  9 10  8  2  6  5]
94 [15 16 10  6  9 10  8  2  6  5]
95 [15 16 10  6  9 10  8  2  6  5]
96 [15 16 10  6  9 10  8  2  6  5]
97 [15 16 10  6  9 10  8  2  6  5]
98 [15 16 10  6  9 10  8  2  6  5]
99 [15 16 10  6  9 10  8  2  6  5]
100 [15 16 10  6  9 10  8  2  6  5]
101 [15 16 10  6  9 10  8  2  6  5]
102 [15 16 10  6  9 10  8  2  6  5]
103 [15 16 10  6  9 10  8  2  6  5]
104 [15 16 10  6  9 10  8  2  6  5]
105 [15 16 10  6  9 10  8  2  6  5]
106 [15 16 10  6  9 10  8  2  6  5]
107 [15 16 10  6  9 10  8  2  6  5]
108 [15 16 10  6  9 10  8  2  6  5]
109 [15 16 10  6  9 10  8  2  6  5]
110 [15 16 10  6  9 10  8  2  6  5]
111 [15 16 10  6  9 10  8  2  6  5]
112 [15 16 10  6  9 10  8  2  6  5]
113 [15 16 10  6  9 10  8  2  6  5]
114 [15 16 10  6  9 10  8  2  6  5]
115 [15 16 10  6  9 10  8  2  6  5]
slurmstepd: error: *** STEP 795336.0 ON eu-lo-s4-067 CANCELLED AT 2022-10-12T23:38:03 DUE TO TIME LIMIT ***
slurmstepd: error: *** JOB 795336 ON eu-lo-s4-067 CANCELLED AT 2022-10-12T23:38:03 DUE TO TIME LIMIT ***
srun: Job step aborted: Waiting up to 32 seconds for job step to finish.
